2023-11-27 16:10:23,793 - WARNING - Unannotated pieces ===============================:
2023-11-27 16:10:23,793 - WARNING - ('beethoven_piano_sonatas', '04-1')
2023-11-27 16:10:23,793 - WARNING - ('beethoven_piano_sonatas', '04-2')
2023-11-27 16:10:23,793 - WARNING - ('beethoven_piano_sonatas', '04-3')
2023-11-27 16:10:23,793 - WARNING - ('beethoven_piano_sonatas', '04-4')
2023-11-27 16:10:23,793 - WARNING - ('beethoven_piano_sonatas', '11-1')
2023-11-27 16:10:23,793 - WARNING - ('beethoven_piano_sonatas', '11-2')
2023-11-27 16:10:23,793 - WARNING - ('beethoven_piano_sonatas', '11-3')
2023-11-27 16:10:23,793 - WARNING - ('beethoven_piano_sonatas', '11-4')
2023-11-27 16:10:23,793 - WARNING - ('beethoven_piano_sonatas', '12-1')
2023-11-27 16:10:23,793 - WARNING - ('beethoven_piano_sonatas', '12-2')
2023-11-27 16:10:23,793 - WARNING - ('beethoven_piano_sonatas', '12-3')
2023-11-27 16:10:23,793 - WARNING - ('beethoven_piano_sonatas', '12-4')
2023-11-27 16:10:23,793 - WARNING - ('beethoven_piano_sonatas', '13-1')
2023-11-27 16:10:23,793 - WARNING - ('beethoven_piano_sonatas', '13-2')
2023-11-27 16:10:23,793 - WARNING - ('beethoven_piano_sonatas', '13-3')
2023-11-27 16:10:23,793 - WARNING - ('beethoven_piano_sonatas', '13-4')
2023-11-27 16:10:23,793 - WARNING - ('beethoven_piano_sonatas', '14-1')
2023-11-27 16:10:23,793 - WARNING - ('beethoven_piano_sonatas', '14-2')
2023-11-27 16:10:23,793 - WARNING - ('beethoven_piano_sonatas', '14-3')
2023-11-27 16:10:23,793 - WARNING - ('beethoven_piano_sonatas', '15-1')
2023-11-27 16:10:23,793 - WARNING - ('beethoven_piano_sonatas', '15-2')
2023-11-27 16:10:23,793 - WARNING - ('beethoven_piano_sonatas', '15-3')
2023-11-27 16:10:23,793 - WARNING - ('beethoven_piano_sonatas', '15-4')
2023-11-27 16:10:23,793 - WARNING - ('boccherini_ensemble', 'G448_1_Guitar_quintet_D_Allegro_Maestoso')
2023-11-27 16:10:23,793 - WARNING - ('boccherini_ensemble', 'G448_2_Guitar_quintet_D_Pastorale')
2023-11-27 16:10:23,793 - WARNING - ('boccherini_ensemble', 'G448_3_Guitar_quintet_D_Grave_assai')
2023-11-27 16:10:23,793 - WARNING - ('boccherini_ensemble', 'G448_4_Guitar_quintet_D_Fandango')
2023-11-27 16:10:23,793 - WARNING - ('couperin_concerts', 'c12n01_pointe')
2023-11-27 16:10:23,793 - WARNING - ('couperin_concerts', 'c12n02_badinage')
2023-11-27 16:10:23,793 - WARNING - ('couperin_concerts', 'c12n03_air')
2023-11-27 16:10:23,793 - WARNING - ('couperin_concerts', 'c13n01_unisson')
2023-11-27 16:10:23,793 - WARNING - ('couperin_concerts', 'c13n02_air')
2023-11-27 16:10:23,793 - WARNING - ('couperin_concerts', 'c13n03_sarabande')
2023-11-27 16:10:23,793 - WARNING - ('couperin_concerts', 'c13n04_chaconne')
2023-11-27 16:10:23,793 - WARNING - ('cpe_bach_keyboard', 'wq112n02')
2023-11-27 16:10:23,793 - WARNING - ('cpe_bach_keyboard', 'wq112n08')
2023-11-27 16:10:23,793 - WARNING - ('cpe_bach_keyboard', 'wq112n15')
2023-11-27 16:10:23,793 - WARNING - ('cpe_bach_keyboard', 'wq113n03')
2023-11-27 16:10:23,793 - WARNING - ('cpe_bach_keyboard', 'wq114n07')
2023-11-27 16:10:23,793 - WARNING - ('cpe_bach_keyboard', 'wq117n11')
2023-11-27 16:10:23,793 - WARNING - ('cpe_bach_keyboard', 'wq117n12')
2023-11-27 16:10:23,793 - WARNING - ('cpe_bach_keyboard', 'wq117n13')
2023-11-27 16:10:23,793 - WARNING - ('cpe_bach_keyboard', 'wq117n14')
2023-11-27 16:10:23,793 - WARNING - ('cpe_bach_keyboard', 'wq119n07')
2023-11-27 16:10:23,793 - WARNING - ('cpe_bach_keyboard', 'wq50n01a')
2023-11-27 16:10:23,794 - WARNING - ('cpe_bach_keyboard', 'wq50n01b')
2023-11-27 16:10:23,794 - WARNING - ('cpe_bach_keyboard', 'wq50n01c')
2023-11-27 16:10:23,794 - WARNING - ('cpe_bach_keyboard', 'wq50n02a')
2023-11-27 16:10:23,794 - WARNING - ('cpe_bach_keyboard', 'wq50n02b')
2023-11-27 16:10:23,794 - WARNING - ('cpe_bach_keyboard', 'wq50n02c')
2023-11-27 16:10:23,794 - WARNING - ('cpe_bach_keyboard', 'wq50n03a')
2023-11-27 16:10:23,794 - WARNING - ('cpe_bach_keyboard', 'wq50n03b')
2023-11-27 16:10:23,794 - WARNING - ('cpe_bach_keyboard', 'wq50n03c')
2023-11-27 16:10:23,794 - WARNING - ('cpe_bach_keyboard', 'wq50n04a')
2023-11-27 16:10:23,794 - WARNING - ('cpe_bach_keyboard', 'wq50n04b')
2023-11-27 16:10:23,794 - WARNING - ('cpe_bach_keyboard', 'wq50n04c')
2023-11-27 16:10:23,794 - WARNING - ('cpe_bach_keyboard', 'wq50n05a')
2023-11-27 16:10:23,794 - WARNING - ('cpe_bach_keyboard', 'wq50n05b')
2023-11-27 16:10:23,794 - WARNING - ('cpe_bach_keyboard', 'wq50n05c')
2023-11-27 16:10:23,794 - WARNING - ('cpe_bach_keyboard', 'wq50n06')
2023-11-27 16:10:23,794 - WARNING - ('cpe_bach_keyboard', 'wq55n01a')
2023-11-27 16:10:23,794 - WARNING - ('cpe_bach_keyboard', 'wq55n01b')
2023-11-27 16:10:23,794 - WARNING - ('cpe_bach_keyboard', 'wq55n01c')
2023-11-27 16:10:23,794 - WARNING - ('cpe_bach_keyboard', 'wq55n02a')
2023-11-27 16:10:23,794 - WARNING - ('cpe_bach_keyboard', 'wq55n02b')
2023-11-27 16:10:23,794 - WARNING - ('cpe_bach_keyboard', 'wq55n02c')
2023-11-27 16:10:23,794 - WARNING - ('cpe_bach_keyboard', 'wq55n03a')
2023-11-27 16:10:23,794 - WARNING - ('cpe_bach_keyboard', 'wq55n03b')
2023-11-27 16:10:23,794 - WARNING - ('cpe_bach_keyboard', 'wq55n03c')
2023-11-27 16:10:23,794 - WARNING - ('cpe_bach_keyboard', 'wq55n04a')
2023-11-27 16:10:23,794 - WARNING - ('cpe_bach_keyboard', 'wq55n04b')
2023-11-27 16:10:23,794 - WARNING - ('cpe_bach_keyboard', 'wq55n04c')
2023-11-27 16:10:23,794 - WARNING - ('cpe_bach_keyboard', 'wq55n05a')
2023-11-27 16:10:23,794 - WARNING - ('cpe_bach_keyboard', 'wq55n05b')
2023-11-27 16:10:23,794 - WARNING - ('cpe_bach_keyboard', 'wq55n05c')
2023-11-27 16:10:23,794 - WARNING - ('cpe_bach_keyboard', 'wq55n06a')
2023-11-27 16:10:23,794 - WARNING - ('cpe_bach_keyboard', 'wq55n06b')
2023-11-27 16:10:23,794 - WARNING - ('cpe_bach_keyboard', 'wq55n06c')
2023-11-27 16:10:23,794 - WARNING - ('cpe_bach_keyboard', 'wq56n01')
2023-11-27 16:10:23,794 - WARNING - ('cpe_bach_keyboard', 'wq56n02a')
2023-11-27 16:10:23,794 - WARNING - ('cpe_bach_keyboard', 'wq56n02b')
2023-11-27 16:10:23,794 - WARNING - ('cpe_bach_keyboard', 'wq56n02c')
2023-11-27 16:10:23,794 - WARNING - ('cpe_bach_keyboard', 'wq56n03')
2023-11-27 16:10:23,794 - WARNING - ('cpe_bach_keyboard', 'wq56n04a')
2023-11-27 16:10:23,794 - WARNING - ('cpe_bach_keyboard', 'wq56n04b')
2023-11-27 16:10:23,794 - WARNING - ('cpe_bach_keyboard', 'wq56n05')
2023-11-27 16:10:23,794 - WARNING - ('cpe_bach_keyboard', 'wq56n06a')
2023-11-27 16:10:23,794 - WARNING - ('cpe_bach_keyboard', 'wq56n06b')
2023-11-27 16:10:23,794 - WARNING - ('cpe_bach_keyboard', 'wq57n01')
2023-11-27 16:10:23,794 - WARNING - ('cpe_bach_keyboard', 'wq57n02a')
2023-11-27 16:10:23,794 - WARNING - ('cpe_bach_keyboard', 'wq57n02b')
2023-11-27 16:10:23,794 - WARNING - ('cpe_bach_keyboard', 'wq57n02c')
2023-11-27 16:10:23,794 - WARNING - ('cpe_bach_keyboard', 'wq57n03')
2023-11-27 16:10:23,794 - WARNING - ('cpe_bach_keyboard', 'wq57n04a')
2023-11-27 16:10:23,794 - WARNING - ('cpe_bach_keyboard', 'wq57n04b')
2023-11-27 16:10:23,794 - WARNING - ('cpe_bach_keyboard', 'wq57n04c')
2023-11-27 16:10:23,794 - WARNING - ('cpe_bach_keyboard', 'wq57n05')
2023-11-27 16:10:23,794 - WARNING - ('cpe_bach_keyboard', 'wq57n06a')
2023-11-27 16:10:23,794 - WARNING - ('cpe_bach_keyboard', 'wq57n06b')
2023-11-27 16:10:23,794 - WARNING - ('cpe_bach_keyboard', 'wq57n06c')
2023-11-27 16:10:23,794 - WARNING - ('kleine_geistliche_konzerte', 'op08n17swv298_Das_Blut_Jesu_Christi')
2023-11-27 16:10:23,794 - WARNING - ('platti_sonatas', 'platti_op01no01a_Adagio')
2023-11-27 16:10:23,794 - WARNING - ('platti_sonatas', 'platti_op01no01b_Allegro')
2023-11-27 16:10:23,794 - WARNING - ('platti_sonatas', 'platti_op01no01c_Largo')
2023-11-27 16:10:23,794 - WARNING - ('platti_sonatas', 'platti_op01no01d_Presto')
2023-11-27 16:10:23,794 - WARNING - ('platti_sonatas', 'platti_op01no02a_Adagio')
2023-11-27 16:10:23,794 - WARNING - ('platti_sonatas', 'platti_op01no02b_Allegro')
2023-11-27 16:10:23,794 - WARNING - ('platti_sonatas', 'platti_op01no02c_Larghetto')
2023-11-27 16:10:23,794 - WARNING - ('platti_sonatas', 'platti_op01no02d_Allegro')
2023-11-27 16:10:23,794 - WARNING - ('platti_sonatas', 'platti_op01no03a_Non_tanto_Allegro')
2023-11-27 16:10:23,794 - WARNING - ('platti_sonatas', 'platti_op01no03b_Adagio')
2023-11-27 16:10:23,794 - WARNING - ('platti_sonatas', 'platti_op01no03c_Allegro_assai')
2023-11-27 16:10:23,794 - WARNING - ('platti_sonatas', 'platti_op01no04a_Largo')
2023-11-27 16:10:23,794 - WARNING - ('platti_sonatas', 'platti_op01no04b_Presto_e_alla_breve')
2023-11-27 16:10:23,794 - WARNING - ('platti_sonatas', 'platti_op01no04c_Adagio')
2023-11-27 16:10:23,794 - WARNING - ('platti_sonatas', 'platti_op01no04d_Non_tanto_Allegro')
2023-11-27 16:10:23,794 - WARNING - ('platti_sonatas', 'platti_op01no05a_Larghetto_e_staccato')
2023-11-27 16:10:23,794 - WARNING - ('platti_sonatas', 'platti_op01no05b_Non_tanto_Allegro')
2023-11-27 16:10:23,794 - WARNING - ('platti_sonatas', 'platti_op01no05c_Siciliana')
2023-11-27 16:10:23,794 - WARNING - ('platti_sonatas', 'platti_op01no05d_Presto')
2023-11-27 16:10:23,795 - WARNING - ('platti_sonatas', 'platti_op01no06a_Adagio')
2023-11-27 16:10:23,795 - WARNING - ('platti_sonatas', 'platti_op01no06b_Allegretto')
2023-11-27 16:10:23,795 - WARNING - ('platti_sonatas', 'platti_op01no06c_Grave')
2023-11-27 16:10:23,795 - WARNING - ('platti_sonatas', 'platti_op01no06d_Minuet_con_Variazioni')
2023-11-27 16:10:23,795 - WARNING - ('platti_sonatas', 'platti_op04no01a_Non_tanto_Allegro')
2023-11-27 16:10:23,795 - WARNING - ('platti_sonatas', 'platti_op04no01b_Presto')
2023-11-27 16:10:23,795 - WARNING - ('platti_sonatas', 'platti_op04no01c_Andantino_e_staccato')
2023-11-27 16:10:23,795 - WARNING - ('platti_sonatas', 'platti_op04no01d_Minuetto')
2023-11-27 16:10:23,795 - WARNING - ('platti_sonatas', 'platti_op04no02a_Allegro')
2023-11-27 16:10:23,795 - WARNING - ('platti_sonatas', 'platti_op04no02b_Adagio')
2023-11-27 16:10:23,795 - WARNING - ('platti_sonatas', 'platti_op04no02c_Allegro')
2023-11-27 16:10:23,795 - WARNING - ('platti_sonatas', 'platti_op04no02d_Allegro')
2023-11-27 16:10:23,795 - WARNING - ('platti_sonatas', 'platti_op04no03a_Allegro')
2023-11-27 16:10:23,795 - WARNING - ('platti_sonatas', 'platti_op04no03b_Andantino')
2023-11-27 16:10:23,795 - WARNING - ('platti_sonatas', 'platti_op04no03c_Allegro_assai')
2023-11-27 16:10:23,795 - WARNING - ('platti_sonatas', 'platti_op04no04a_Allegro')
2023-11-27 16:10:23,795 - WARNING - ('platti_sonatas', 'platti_op04no04b_Adagio')
2023-11-27 16:10:23,795 - WARNING - ('platti_sonatas', 'platti_op04no04c_Allegro_assai')
2023-11-27 16:10:23,795 - WARNING - ('platti_sonatas', 'platti_op04no05a_Adagio')
2023-11-27 16:10:23,795 - WARNING - ('platti_sonatas', 'platti_op04no05b_Allegro')
2023-11-27 16:10:23,795 - WARNING - ('platti_sonatas', 'platti_op04no05c_Allegro')
2023-11-27 16:10:23,795 - WARNING - ('platti_sonatas', 'platti_op04no06a_Non_tanto_Allegro')
2023-11-27 16:10:23,795 - WARNING - ('platti_sonatas', 'platti_op04no06b_Larghetto')
2023-11-27 16:10:23,795 - WARNING - ('platti_sonatas', 'platti_op04no06c_Polonoise')
2023-11-27 16:10:23,795 - WARNING - ('platti_sonatas', 'platti_op04no06d_Allegro')
2023-11-27 16:10:23,795 - WARNING - ('rachmaninoff_piano', 'op42_18')
2023-11-27 16:10:23,795 - WARNING - ('rachmaninoff_piano', 'op42_19')
2023-11-27 16:10:23,795 - WARNING - ('rachmaninoff_piano', 'op42_20')
2023-11-27 16:10:23,795 - WARNING - ('ravel_piano', 'Ravel_-_Miroirs_I._Noctuelles')
2023-11-27 16:10:23,795 - WARNING - ('ravel_piano', 'Ravel_-_Miroirs_II._Oiseaux_tristes')
2023-11-27 16:27:05,772 - WARNING - Unannotated pieces ===============================:
2023-11-27 16:27:05,772 - WARNING - ('beethoven_piano_sonatas', '04-1')
2023-11-27 16:27:05,772 - WARNING - ('beethoven_piano_sonatas', '04-2')
2023-11-27 16:27:05,772 - WARNING - ('beethoven_piano_sonatas', '04-3')
2023-11-27 16:27:05,772 - WARNING - ('beethoven_piano_sonatas', '04-4')
2023-11-27 16:27:05,772 - WARNING - ('beethoven_piano_sonatas', '11-1')
2023-11-27 16:27:05,772 - WARNING - ('beethoven_piano_sonatas', '11-2')
2023-11-27 16:27:05,772 - WARNING - ('beethoven_piano_sonatas', '11-3')
2023-11-27 16:27:05,772 - WARNING - ('beethoven_piano_sonatas', '11-4')
2023-11-27 16:27:05,772 - WARNING - ('beethoven_piano_sonatas', '12-1')
2023-11-27 16:27:05,772 - WARNING - ('beethoven_piano_sonatas', '12-2')
2023-11-27 16:27:05,772 - WARNING - ('beethoven_piano_sonatas', '12-3')
2023-11-27 16:27:05,772 - WARNING - ('beethoven_piano_sonatas', '12-4')
2023-11-27 16:27:05,773 - WARNING - ('beethoven_piano_sonatas', '13-1')
2023-11-27 16:27:05,773 - WARNING - ('beethoven_piano_sonatas', '13-2')
2023-11-27 16:27:05,773 - WARNING - ('beethoven_piano_sonatas', '13-3')
2023-11-27 16:27:05,773 - WARNING - ('beethoven_piano_sonatas', '13-4')
2023-11-27 16:27:05,773 - WARNING - ('beethoven_piano_sonatas', '14-1')
2023-11-27 16:27:05,773 - WARNING - ('beethoven_piano_sonatas', '14-2')
2023-11-27 16:27:05,773 - WARNING - ('beethoven_piano_sonatas', '14-3')
2023-11-27 16:27:05,773 - WARNING - ('beethoven_piano_sonatas', '15-1')
2023-11-27 16:27:05,773 - WARNING - ('beethoven_piano_sonatas', '15-2')
2023-11-27 16:27:05,773 - WARNING - ('beethoven_piano_sonatas', '15-3')
2023-11-27 16:27:05,773 - WARNING - ('beethoven_piano_sonatas', '15-4')
2023-11-27 16:27:05,773 - WARNING - ('boccherini_ensemble', 'G448_1_Guitar_quintet_D_Allegro_Maestoso')
2023-11-27 16:27:05,773 - WARNING - ('boccherini_ensemble', 'G448_2_Guitar_quintet_D_Pastorale')
2023-11-27 16:27:05,773 - WARNING - ('boccherini_ensemble', 'G448_3_Guitar_quintet_D_Grave_assai')
2023-11-27 16:27:05,773 - WARNING - ('boccherini_ensemble', 'G448_4_Guitar_quintet_D_Fandango')
2023-11-27 16:27:05,773 - WARNING - ('couperin_concerts', 'c12n01_pointe')
2023-11-27 16:27:05,773 - WARNING - ('couperin_concerts', 'c12n02_badinage')
2023-11-27 16:27:05,773 - WARNING - ('couperin_concerts', 'c12n03_air')
2023-11-27 16:27:05,773 - WARNING - ('couperin_concerts', 'c13n01_unisson')
2023-11-27 16:27:05,773 - WARNING - ('couperin_concerts', 'c13n02_air')
2023-11-27 16:27:05,773 - WARNING - ('couperin_concerts', 'c13n03_sarabande')
2023-11-27 16:27:05,773 - WARNING - ('couperin_concerts', 'c13n04_chaconne')
2023-11-27 16:27:05,773 - WARNING - ('cpe_bach_keyboard', 'wq112n02')
2023-11-27 16:27:05,773 - WARNING - ('cpe_bach_keyboard', 'wq112n08')
2023-11-27 16:27:05,773 - WARNING - ('cpe_bach_keyboard', 'wq112n15')
2023-11-27 16:27:05,773 - WARNING - ('cpe_bach_keyboard', 'wq113n03')
2023-11-27 16:27:05,773 - WARNING - ('cpe_bach_keyboard', 'wq114n07')
2023-11-27 16:27:05,773 - WARNING - ('cpe_bach_keyboard', 'wq117n11')
2023-11-27 16:27:05,773 - WARNING - ('cpe_bach_keyboard', 'wq117n12')
2023-11-27 16:27:05,773 - WARNING - ('cpe_bach_keyboard', 'wq117n13')
2023-11-27 16:27:05,773 - WARNING - ('cpe_bach_keyboard', 'wq117n14')
2023-11-27 16:27:05,773 - WARNING - ('cpe_bach_keyboard', 'wq119n07')
2023-11-27 16:27:05,773 - WARNING - ('cpe_bach_keyboard', 'wq50n01a')
2023-11-27 16:27:05,773 - WARNING - ('cpe_bach_keyboard', 'wq50n01b')
2023-11-27 16:27:05,773 - WARNING - ('cpe_bach_keyboard', 'wq50n01c')
2023-11-27 16:27:05,773 - WARNING - ('cpe_bach_keyboard', 'wq50n02a')
2023-11-27 16:27:05,773 - WARNING - ('cpe_bach_keyboard', 'wq50n02b')
2023-11-27 16:27:05,773 - WARNING - ('cpe_bach_keyboard', 'wq50n02c')
2023-11-27 16:27:05,773 - WARNING - ('cpe_bach_keyboard', 'wq50n03a')
2023-11-27 16:27:05,773 - WARNING - ('cpe_bach_keyboard', 'wq50n03b')
2023-11-27 16:27:05,773 - WARNING - ('cpe_bach_keyboard', 'wq50n03c')
2023-11-27 16:27:05,773 - WARNING - ('cpe_bach_keyboard', 'wq50n04a')
2023-11-27 16:27:05,773 - WARNING - ('cpe_bach_keyboard', 'wq50n04b')
2023-11-27 16:27:05,773 - WARNING - ('cpe_bach_keyboard', 'wq50n04c')
2023-11-27 16:27:05,773 - WARNING - ('cpe_bach_keyboard', 'wq50n05a')
2023-11-27 16:27:05,773 - WARNING - ('cpe_bach_keyboard', 'wq50n05b')
2023-11-27 16:27:05,773 - WARNING - ('cpe_bach_keyboard', 'wq50n05c')
2023-11-27 16:27:05,773 - WARNING - ('cpe_bach_keyboard', 'wq50n06')
2023-11-27 16:27:05,773 - WARNING - ('cpe_bach_keyboard', 'wq55n01a')
2023-11-27 16:27:05,773 - WARNING - ('cpe_bach_keyboard', 'wq55n01b')
2023-11-27 16:27:05,773 - WARNING - ('cpe_bach_keyboard', 'wq55n01c')
2023-11-27 16:27:05,773 - WARNING - ('cpe_bach_keyboard', 'wq55n02a')
2023-11-27 16:27:05,773 - WARNING - ('cpe_bach_keyboard', 'wq55n02b')
2023-11-27 16:27:05,773 - WARNING - ('cpe_bach_keyboard', 'wq55n02c')
2023-11-27 16:27:05,773 - WARNING - ('cpe_bach_keyboard', 'wq55n03a')
2023-11-27 16:27:05,773 - WARNING - ('cpe_bach_keyboard', 'wq55n03b')
2023-11-27 16:27:05,773 - WARNING - ('cpe_bach_keyboard', 'wq55n03c')
2023-11-27 16:27:05,773 - WARNING - ('cpe_bach_keyboard', 'wq55n04a')
2023-11-27 16:27:05,773 - WARNING - ('cpe_bach_keyboard', 'wq55n04b')
2023-11-27 16:27:05,773 - WARNING - ('cpe_bach_keyboard', 'wq55n04c')
2023-11-27 16:27:05,773 - WARNING - ('cpe_bach_keyboard', 'wq55n05a')
2023-11-27 16:27:05,773 - WARNING - ('cpe_bach_keyboard', 'wq55n05b')
2023-11-27 16:27:05,773 - WARNING - ('cpe_bach_keyboard', 'wq55n05c')
2023-11-27 16:27:05,773 - WARNING - ('cpe_bach_keyboard', 'wq55n06a')
2023-11-27 16:27:05,773 - WARNING - ('cpe_bach_keyboard', 'wq55n06b')
2023-11-27 16:27:05,773 - WARNING - ('cpe_bach_keyboard', 'wq55n06c')
2023-11-27 16:27:05,773 - WARNING - ('cpe_bach_keyboard', 'wq56n01')
2023-11-27 16:27:05,773 - WARNING - ('cpe_bach_keyboard', 'wq56n02a')
2023-11-27 16:27:05,773 - WARNING - ('cpe_bach_keyboard', 'wq56n02b')
2023-11-27 16:27:05,773 - WARNING - ('cpe_bach_keyboard', 'wq56n02c')
2023-11-27 16:27:05,773 - WARNING - ('cpe_bach_keyboard', 'wq56n03')
2023-11-27 16:27:05,773 - WARNING - ('cpe_bach_keyboard', 'wq56n04a')
2023-11-27 16:27:05,773 - WARNING - ('cpe_bach_keyboard', 'wq56n04b')
2023-11-27 16:27:05,773 - WARNING - ('cpe_bach_keyboard', 'wq56n05')
2023-11-27 16:27:05,773 - WARNING - ('cpe_bach_keyboard', 'wq56n06a')
2023-11-27 16:27:05,773 - WARNING - ('cpe_bach_keyboard', 'wq56n06b')
2023-11-27 16:27:05,774 - WARNING - ('cpe_bach_keyboard', 'wq57n01')
2023-11-27 16:27:05,774 - WARNING - ('cpe_bach_keyboard', 'wq57n02a')
2023-11-27 16:27:05,774 - WARNING - ('cpe_bach_keyboard', 'wq57n02b')
2023-11-27 16:27:05,774 - WARNING - ('cpe_bach_keyboard', 'wq57n02c')
2023-11-27 16:27:05,774 - WARNING - ('cpe_bach_keyboard', 'wq57n03')
2023-11-27 16:27:05,774 - WARNING - ('cpe_bach_keyboard', 'wq57n04a')
2023-11-27 16:27:05,774 - WARNING - ('cpe_bach_keyboard', 'wq57n04b')
2023-11-27 16:27:05,774 - WARNING - ('cpe_bach_keyboard', 'wq57n04c')
2023-11-27 16:27:05,774 - WARNING - ('cpe_bach_keyboard', 'wq57n05')
2023-11-27 16:27:05,774 - WARNING - ('cpe_bach_keyboard', 'wq57n06a')
2023-11-27 16:27:05,774 - WARNING - ('cpe_bach_keyboard', 'wq57n06b')
2023-11-27 16:27:05,774 - WARNING - ('cpe_bach_keyboard', 'wq57n06c')
2023-11-27 16:27:05,774 - WARNING - ('kleine_geistliche_konzerte', 'op08n17swv298_Das_Blut_Jesu_Christi')
2023-11-27 16:27:05,774 - WARNING - ('platti_sonatas', 'platti_op01no01a_Adagio')
2023-11-27 16:27:05,774 - WARNING - ('platti_sonatas', 'platti_op01no01b_Allegro')
2023-11-27 16:27:05,774 - WARNING - ('platti_sonatas', 'platti_op01no01c_Largo')
2023-11-27 16:27:05,774 - WARNING - ('platti_sonatas', 'platti_op01no01d_Presto')
2023-11-27 16:27:05,774 - WARNING - ('platti_sonatas', 'platti_op01no02a_Adagio')
2023-11-27 16:27:05,774 - WARNING - ('platti_sonatas', 'platti_op01no02b_Allegro')
2023-11-27 16:27:05,774 - WARNING - ('platti_sonatas', 'platti_op01no02c_Larghetto')
2023-11-27 16:27:05,774 - WARNING - ('platti_sonatas', 'platti_op01no02d_Allegro')
2023-11-27 16:27:05,774 - WARNING - ('platti_sonatas', 'platti_op01no03a_Non_tanto_Allegro')
2023-11-27 16:27:05,774 - WARNING - ('platti_sonatas', 'platti_op01no03b_Adagio')
2023-11-27 16:27:05,774 - WARNING - ('platti_sonatas', 'platti_op01no03c_Allegro_assai')
2023-11-27 16:27:05,774 - WARNING - ('platti_sonatas', 'platti_op01no04a_Largo')
2023-11-27 16:27:05,774 - WARNING - ('platti_sonatas', 'platti_op01no04b_Presto_e_alla_breve')
2023-11-27 16:27:05,774 - WARNING - ('platti_sonatas', 'platti_op01no04c_Adagio')
2023-11-27 16:27:05,774 - WARNING - ('platti_sonatas', 'platti_op01no04d_Non_tanto_Allegro')
2023-11-27 16:27:05,774 - WARNING - ('platti_sonatas', 'platti_op01no05a_Larghetto_e_staccato')
2023-11-27 16:27:05,774 - WARNING - ('platti_sonatas', 'platti_op01no05b_Non_tanto_Allegro')
2023-11-27 16:27:05,774 - WARNING - ('platti_sonatas', 'platti_op01no05c_Siciliana')
2023-11-27 16:27:05,774 - WARNING - ('platti_sonatas', 'platti_op01no05d_Presto')
2023-11-27 16:27:05,774 - WARNING - ('platti_sonatas', 'platti_op01no06a_Adagio')
2023-11-27 16:27:05,774 - WARNING - ('platti_sonatas', 'platti_op01no06b_Allegretto')
2023-11-27 16:27:05,774 - WARNING - ('platti_sonatas', 'platti_op01no06c_Grave')
2023-11-27 16:27:05,774 - WARNING - ('platti_sonatas', 'platti_op01no06d_Minuet_con_Variazioni')
2023-11-27 16:27:05,774 - WARNING - ('platti_sonatas', 'platti_op04no01a_Non_tanto_Allegro')
2023-11-27 16:27:05,774 - WARNING - ('platti_sonatas', 'platti_op04no01b_Presto')
2023-11-27 16:27:05,774 - WARNING - ('platti_sonatas', 'platti_op04no01c_Andantino_e_staccato')
2023-11-27 16:27:05,774 - WARNING - ('platti_sonatas', 'platti_op04no01d_Minuetto')
2023-11-27 16:27:05,774 - WARNING - ('platti_sonatas', 'platti_op04no02a_Allegro')
2023-11-27 16:27:05,774 - WARNING - ('platti_sonatas', 'platti_op04no02b_Adagio')
2023-11-27 16:27:05,774 - WARNING - ('platti_sonatas', 'platti_op04no02c_Allegro')
2023-11-27 16:27:05,774 - WARNING - ('platti_sonatas', 'platti_op04no02d_Allegro')
2023-11-27 16:27:05,774 - WARNING - ('platti_sonatas', 'platti_op04no03a_Allegro')
2023-11-27 16:27:05,774 - WARNING - ('platti_sonatas', 'platti_op04no03b_Andantino')
2023-11-27 16:27:05,774 - WARNING - ('platti_sonatas', 'platti_op04no03c_Allegro_assai')
2023-11-27 16:27:05,774 - WARNING - ('platti_sonatas', 'platti_op04no04a_Allegro')
2023-11-27 16:27:05,774 - WARNING - ('platti_sonatas', 'platti_op04no04b_Adagio')
2023-11-27 16:27:05,774 - WARNING - ('platti_sonatas', 'platti_op04no04c_Allegro_assai')
2023-11-27 16:27:05,774 - WARNING - ('platti_sonatas', 'platti_op04no05a_Adagio')
2023-11-27 16:27:05,774 - WARNING - ('platti_sonatas', 'platti_op04no05b_Allegro')
2023-11-27 16:27:05,774 - WARNING - ('platti_sonatas', 'platti_op04no05c_Allegro')
2023-11-27 16:27:05,774 - WARNING - ('platti_sonatas', 'platti_op04no06a_Non_tanto_Allegro')
2023-11-27 16:27:05,774 - WARNING - ('platti_sonatas', 'platti_op04no06b_Larghetto')
2023-11-27 16:27:05,774 - WARNING - ('platti_sonatas', 'platti_op04no06c_Polonoise')
2023-11-27 16:27:05,774 - WARNING - ('platti_sonatas', 'platti_op04no06d_Allegro')
2023-11-27 16:27:05,774 - WARNING - ('rachmaninoff_piano', 'op42_18')
2023-11-27 16:27:05,774 - WARNING - ('rachmaninoff_piano', 'op42_19')
2023-11-27 16:27:05,774 - WARNING - ('rachmaninoff_piano', 'op42_20')
2023-11-27 16:27:05,774 - WARNING - ('ravel_piano', 'Ravel_-_Miroirs_I._Noctuelles')
2023-11-27 16:27:05,774 - WARNING - ('ravel_piano', 'Ravel_-_Miroirs_II._Oiseaux_tristes')
2023-11-27 16:27:50,050 - WARNING - Unannotated pieces ===============================:
2023-11-27 16:27:50,051 - WARNING - ('beethoven_piano_sonatas', '04-1')
2023-11-27 16:27:50,051 - WARNING - ('beethoven_piano_sonatas', '04-2')
2023-11-27 16:27:50,051 - WARNING - ('beethoven_piano_sonatas', '04-3')
2023-11-27 16:27:50,051 - WARNING - ('beethoven_piano_sonatas', '04-4')
2023-11-27 16:27:50,051 - WARNING - ('beethoven_piano_sonatas', '11-1')
2023-11-27 16:27:50,051 - WARNING - ('beethoven_piano_sonatas', '11-2')
2023-11-27 16:27:50,051 - WARNING - ('beethoven_piano_sonatas', '11-3')
2023-11-27 16:27:50,051 - WARNING - ('beethoven_piano_sonatas', '11-4')
2023-11-27 16:27:50,051 - WARNING - ('beethoven_piano_sonatas', '12-1')
2023-11-27 16:27:50,051 - WARNING - ('beethoven_piano_sonatas', '12-2')
2023-11-27 16:27:50,051 - WARNING - ('beethoven_piano_sonatas', '12-3')
2023-11-27 16:27:50,051 - WARNING - ('beethoven_piano_sonatas', '12-4')
2023-11-27 16:27:50,051 - WARNING - ('beethoven_piano_sonatas', '13-1')
2023-11-27 16:27:50,051 - WARNING - ('beethoven_piano_sonatas', '13-2')
2023-11-27 16:27:50,051 - WARNING - ('beethoven_piano_sonatas', '13-3')
2023-11-27 16:27:50,051 - WARNING - ('beethoven_piano_sonatas', '13-4')
2023-11-27 16:27:50,051 - WARNING - ('beethoven_piano_sonatas', '14-1')
2023-11-27 16:27:50,051 - WARNING - ('beethoven_piano_sonatas', '14-2')
2023-11-27 16:27:50,051 - WARNING - ('beethoven_piano_sonatas', '14-3')
2023-11-27 16:27:50,051 - WARNING - ('beethoven_piano_sonatas', '15-1')
2023-11-27 16:27:50,051 - WARNING - ('beethoven_piano_sonatas', '15-2')
2023-11-27 16:27:50,051 - WARNING - ('beethoven_piano_sonatas', '15-3')
2023-11-27 16:27:50,051 - WARNING - ('beethoven_piano_sonatas', '15-4')
2023-11-27 16:27:50,051 - WARNING - ('boccherini_ensemble', 'G448_1_Guitar_quintet_D_Allegro_Maestoso')
2023-11-27 16:27:50,051 - WARNING - ('boccherini_ensemble', 'G448_2_Guitar_quintet_D_Pastorale')
2023-11-27 16:27:50,051 - WARNING - ('boccherini_ensemble', 'G448_3_Guitar_quintet_D_Grave_assai')
2023-11-27 16:27:50,051 - WARNING - ('boccherini_ensemble', 'G448_4_Guitar_quintet_D_Fandango')
2023-11-27 16:27:50,051 - WARNING - ('couperin_concerts', 'c12n01_pointe')
2023-11-27 16:27:50,051 - WARNING - ('couperin_concerts', 'c12n02_badinage')
2023-11-27 16:27:50,051 - WARNING - ('couperin_concerts', 'c12n03_air')
2023-11-27 16:27:50,051 - WARNING - ('couperin_concerts', 'c13n01_unisson')
2023-11-27 16:27:50,051 - WARNING - ('couperin_concerts', 'c13n02_air')
2023-11-27 16:27:50,051 - WARNING - ('couperin_concerts', 'c13n03_sarabande')
2023-11-27 16:27:50,051 - WARNING - ('couperin_concerts', 'c13n04_chaconne')
2023-11-27 16:27:50,051 - WARNING - ('cpe_bach_keyboard', 'wq112n02')
2023-11-27 16:27:50,051 - WARNING - ('cpe_bach_keyboard', 'wq112n08')
2023-11-27 16:27:50,051 - WARNING - ('cpe_bach_keyboard', 'wq112n15')
2023-11-27 16:27:50,051 - WARNING - ('cpe_bach_keyboard', 'wq113n03')
2023-11-27 16:27:50,051 - WARNING - ('cpe_bach_keyboard', 'wq114n07')
2023-11-27 16:27:50,051 - WARNING - ('cpe_bach_keyboard', 'wq117n11')
2023-11-27 16:27:50,051 - WARNING - ('cpe_bach_keyboard', 'wq117n12')
2023-11-27 16:27:50,051 - WARNING - ('cpe_bach_keyboard', 'wq117n13')
2023-11-27 16:27:50,051 - WARNING - ('cpe_bach_keyboard', 'wq117n14')
2023-11-27 16:27:50,051 - WARNING - ('cpe_bach_keyboard', 'wq119n07')
2023-11-27 16:27:50,051 - WARNING - ('cpe_bach_keyboard', 'wq50n01a')
2023-11-27 16:27:50,051 - WARNING - ('cpe_bach_keyboard', 'wq50n01b')
2023-11-27 16:27:50,051 - WARNING - ('cpe_bach_keyboard', 'wq50n01c')
2023-11-27 16:27:50,051 - WARNING - ('cpe_bach_keyboard', 'wq50n02a')
2023-11-27 16:27:50,051 - WARNING - ('cpe_bach_keyboard', 'wq50n02b')
2023-11-27 16:27:50,051 - WARNING - ('cpe_bach_keyboard', 'wq50n02c')
2023-11-27 16:27:50,051 - WARNING - ('cpe_bach_keyboard', 'wq50n03a')
2023-11-27 16:27:50,051 - WARNING - ('cpe_bach_keyboard', 'wq50n03b')
2023-11-27 16:27:50,051 - WARNING - ('cpe_bach_keyboard', 'wq50n03c')
2023-11-27 16:27:50,051 - WARNING - ('cpe_bach_keyboard', 'wq50n04a')
2023-11-27 16:27:50,051 - WARNING - ('cpe_bach_keyboard', 'wq50n04b')
2023-11-27 16:27:50,051 - WARNING - ('cpe_bach_keyboard', 'wq50n04c')
2023-11-27 16:27:50,051 - WARNING - ('cpe_bach_keyboard', 'wq50n05a')
2023-11-27 16:27:50,051 - WARNING - ('cpe_bach_keyboard', 'wq50n05b')
2023-11-27 16:27:50,051 - WARNING - ('cpe_bach_keyboard', 'wq50n05c')
2023-11-27 16:27:50,052 - WARNING - ('cpe_bach_keyboard', 'wq50n06')
2023-11-27 16:27:50,052 - WARNING - ('cpe_bach_keyboard', 'wq55n01a')
2023-11-27 16:27:50,052 - WARNING - ('cpe_bach_keyboard', 'wq55n01b')
2023-11-27 16:27:50,052 - WARNING - ('cpe_bach_keyboard', 'wq55n01c')
2023-11-27 16:27:50,052 - WARNING - ('cpe_bach_keyboard', 'wq55n02a')
2023-11-27 16:27:50,052 - WARNING - ('cpe_bach_keyboard', 'wq55n02b')
2023-11-27 16:27:50,052 - WARNING - ('cpe_bach_keyboard', 'wq55n02c')
2023-11-27 16:27:50,052 - WARNING - ('cpe_bach_keyboard', 'wq55n03a')
2023-11-27 16:27:50,052 - WARNING - ('cpe_bach_keyboard', 'wq55n03b')
2023-11-27 16:27:50,052 - WARNING - ('cpe_bach_keyboard', 'wq55n03c')
2023-11-27 16:27:50,052 - WARNING - ('cpe_bach_keyboard', 'wq55n04a')
2023-11-27 16:27:50,052 - WARNING - ('cpe_bach_keyboard', 'wq55n04b')
2023-11-27 16:27:50,052 - WARNING - ('cpe_bach_keyboard', 'wq55n04c')
2023-11-27 16:27:50,052 - WARNING - ('cpe_bach_keyboard', 'wq55n05a')
2023-11-27 16:27:50,052 - WARNING - ('cpe_bach_keyboard', 'wq55n05b')
2023-11-27 16:27:50,052 - WARNING - ('cpe_bach_keyboard', 'wq55n05c')
2023-11-27 16:27:50,052 - WARNING - ('cpe_bach_keyboard', 'wq55n06a')
2023-11-27 16:27:50,052 - WARNING - ('cpe_bach_keyboard', 'wq55n06b')
2023-11-27 16:27:50,052 - WARNING - ('cpe_bach_keyboard', 'wq55n06c')
2023-11-27 16:27:50,052 - WARNING - ('cpe_bach_keyboard', 'wq56n01')
2023-11-27 16:27:50,052 - WARNING - ('cpe_bach_keyboard', 'wq56n02a')
2023-11-27 16:27:50,052 - WARNING - ('cpe_bach_keyboard', 'wq56n02b')
2023-11-27 16:27:50,052 - WARNING - ('cpe_bach_keyboard', 'wq56n02c')
2023-11-27 16:27:50,052 - WARNING - ('cpe_bach_keyboard', 'wq56n03')
2023-11-27 16:27:50,052 - WARNING - ('cpe_bach_keyboard', 'wq56n04a')
2023-11-27 16:27:50,052 - WARNING - ('cpe_bach_keyboard', 'wq56n04b')
2023-11-27 16:27:50,052 - WARNING - ('cpe_bach_keyboard', 'wq56n05')
2023-11-27 16:27:50,052 - WARNING - ('cpe_bach_keyboard', 'wq56n06a')
2023-11-27 16:27:50,052 - WARNING - ('cpe_bach_keyboard', 'wq56n06b')
2023-11-27 16:27:50,052 - WARNING - ('cpe_bach_keyboard', 'wq57n01')
2023-11-27 16:27:50,052 - WARNING - ('cpe_bach_keyboard', 'wq57n02a')
2023-11-27 16:27:50,052 - WARNING - ('cpe_bach_keyboard', 'wq57n02b')
2023-11-27 16:27:50,052 - WARNING - ('cpe_bach_keyboard', 'wq57n02c')
2023-11-27 16:27:50,052 - WARNING - ('cpe_bach_keyboard', 'wq57n03')
2023-11-27 16:27:50,052 - WARNING - ('cpe_bach_keyboard', 'wq57n04a')
2023-11-27 16:27:50,052 - WARNING - ('cpe_bach_keyboard', 'wq57n04b')
2023-11-27 16:27:50,052 - WARNING - ('cpe_bach_keyboard', 'wq57n04c')
2023-11-27 16:27:50,052 - WARNING - ('cpe_bach_keyboard', 'wq57n05')
2023-11-27 16:27:50,052 - WARNING - ('cpe_bach_keyboard', 'wq57n06a')
2023-11-27 16:27:50,052 - WARNING - ('cpe_bach_keyboard', 'wq57n06b')
2023-11-27 16:27:50,052 - WARNING - ('cpe_bach_keyboard', 'wq57n06c')
2023-11-27 16:27:50,052 - WARNING - ('kleine_geistliche_konzerte', 'op08n17swv298_Das_Blut_Jesu_Christi')
2023-11-27 16:27:50,052 - WARNING - ('platti_sonatas', 'platti_op01no01a_Adagio')
2023-11-27 16:27:50,052 - WARNING - ('platti_sonatas', 'platti_op01no01b_Allegro')
2023-11-27 16:27:50,052 - WARNING - ('platti_sonatas', 'platti_op01no01c_Largo')
2023-11-27 16:27:50,052 - WARNING - ('platti_sonatas', 'platti_op01no01d_Presto')
2023-11-27 16:27:50,052 - WARNING - ('platti_sonatas', 'platti_op01no02a_Adagio')
2023-11-27 16:27:50,052 - WARNING - ('platti_sonatas', 'platti_op01no02b_Allegro')
2023-11-27 16:27:50,052 - WARNING - ('platti_sonatas', 'platti_op01no02c_Larghetto')
2023-11-27 16:27:50,052 - WARNING - ('platti_sonatas', 'platti_op01no02d_Allegro')
2023-11-27 16:27:50,052 - WARNING - ('platti_sonatas', 'platti_op01no03a_Non_tanto_Allegro')
2023-11-27 16:27:50,052 - WARNING - ('platti_sonatas', 'platti_op01no03b_Adagio')
2023-11-27 16:27:50,052 - WARNING - ('platti_sonatas', 'platti_op01no03c_Allegro_assai')
2023-11-27 16:27:50,052 - WARNING - ('platti_sonatas', 'platti_op01no04a_Largo')
2023-11-27 16:27:50,052 - WARNING - ('platti_sonatas', 'platti_op01no04b_Presto_e_alla_breve')
2023-11-27 16:27:50,052 - WARNING - ('platti_sonatas', 'platti_op01no04c_Adagio')
2023-11-27 16:27:50,052 - WARNING - ('platti_sonatas', 'platti_op01no04d_Non_tanto_Allegro')
2023-11-27 16:27:50,052 - WARNING - ('platti_sonatas', 'platti_op01no05a_Larghetto_e_staccato')
2023-11-27 16:27:50,052 - WARNING - ('platti_sonatas', 'platti_op01no05b_Non_tanto_Allegro')
2023-11-27 16:27:50,052 - WARNING - ('platti_sonatas', 'platti_op01no05c_Siciliana')
2023-11-27 16:27:50,052 - WARNING - ('platti_sonatas', 'platti_op01no05d_Presto')
2023-11-27 16:27:50,052 - WARNING - ('platti_sonatas', 'platti_op01no06a_Adagio')
2023-11-27 16:27:50,052 - WARNING - ('platti_sonatas', 'platti_op01no06b_Allegretto')
2023-11-27 16:27:50,052 - WARNING - ('platti_sonatas', 'platti_op01no06c_Grave')
2023-11-27 16:27:50,052 - WARNING - ('platti_sonatas', 'platti_op01no06d_Minuet_con_Variazioni')
2023-11-27 16:27:50,052 - WARNING - ('platti_sonatas', 'platti_op04no01a_Non_tanto_Allegro')
2023-11-27 16:27:50,052 - WARNING - ('platti_sonatas', 'platti_op04no01b_Presto')
2023-11-27 16:27:50,052 - WARNING - ('platti_sonatas', 'platti_op04no01c_Andantino_e_staccato')
2023-11-27 16:27:50,052 - WARNING - ('platti_sonatas', 'platti_op04no01d_Minuetto')
2023-11-27 16:27:50,052 - WARNING - ('platti_sonatas', 'platti_op04no02a_Allegro')
2023-11-27 16:27:50,052 - WARNING - ('platti_sonatas', 'platti_op04no02b_Adagio')
2023-11-27 16:27:50,052 - WARNING - ('platti_sonatas', 'platti_op04no02c_Allegro')
2023-11-27 16:27:50,052 - WARNING - ('platti_sonatas', 'platti_op04no02d_Allegro')
2023-11-27 16:27:50,052 - WARNING - ('platti_sonatas', 'platti_op04no03a_Allegro')
2023-11-27 16:27:50,052 - WARNING - ('platti_sonatas', 'platti_op04no03b_Andantino')
2023-11-27 16:27:50,052 - WARNING - ('platti_sonatas', 'platti_op04no03c_Allegro_assai')
2023-11-27 16:27:50,053 - WARNING - ('platti_sonatas', 'platti_op04no04a_Allegro')
2023-11-27 16:27:50,053 - WARNING - ('platti_sonatas', 'platti_op04no04b_Adagio')
2023-11-27 16:27:50,053 - WARNING - ('platti_sonatas', 'platti_op04no04c_Allegro_assai')
2023-11-27 16:27:50,053 - WARNING - ('platti_sonatas', 'platti_op04no05a_Adagio')
2023-11-27 16:27:50,053 - WARNING - ('platti_sonatas', 'platti_op04no05b_Allegro')
2023-11-27 16:27:50,053 - WARNING - ('platti_sonatas', 'platti_op04no05c_Allegro')
2023-11-27 16:27:50,053 - WARNING - ('platti_sonatas', 'platti_op04no06a_Non_tanto_Allegro')
2023-11-27 16:27:50,053 - WARNING - ('platti_sonatas', 'platti_op04no06b_Larghetto')
2023-11-27 16:27:50,053 - WARNING - ('platti_sonatas', 'platti_op04no06c_Polonoise')
2023-11-27 16:27:50,053 - WARNING - ('platti_sonatas', 'platti_op04no06d_Allegro')
2023-11-27 16:27:50,053 - WARNING - ('rachmaninoff_piano', 'op42_18')
2023-11-27 16:27:50,053 - WARNING - ('rachmaninoff_piano', 'op42_19')
2023-11-27 16:27:50,053 - WARNING - ('rachmaninoff_piano', 'op42_20')
2023-11-27 16:27:50,053 - WARNING - ('ravel_piano', 'Ravel_-_Miroirs_I._Noctuelles')
2023-11-27 16:27:50,053 - WARNING - ('ravel_piano', 'Ravel_-_Miroirs_II._Oiseaux_tristes')
2023-11-28 11:58:36,474 - WARNING - Unannotated pieces ===============================:
2023-11-28 11:58:36,474 - WARNING - ('beethoven_piano_sonatas', '04-1')
2023-11-28 11:58:36,474 - WARNING - ('beethoven_piano_sonatas', '04-2')
2023-11-28 11:58:36,474 - WARNING - ('beethoven_piano_sonatas', '04-3')
2023-11-28 11:58:36,474 - WARNING - ('beethoven_piano_sonatas', '04-4')
2023-11-28 11:58:36,474 - WARNING - ('beethoven_piano_sonatas', '11-1')
2023-11-28 11:58:36,474 - WARNING - ('beethoven_piano_sonatas', '11-2')
2023-11-28 11:58:36,475 - WARNING - ('beethoven_piano_sonatas', '11-3')
2023-11-28 11:58:36,475 - WARNING - ('beethoven_piano_sonatas', '11-4')
2023-11-28 11:58:36,475 - WARNING - ('beethoven_piano_sonatas', '12-1')
2023-11-28 11:58:36,475 - WARNING - ('beethoven_piano_sonatas', '12-2')
2023-11-28 11:58:36,475 - WARNING - ('beethoven_piano_sonatas', '12-3')
2023-11-28 11:58:36,475 - WARNING - ('beethoven_piano_sonatas', '12-4')
2023-11-28 11:58:36,475 - WARNING - ('beethoven_piano_sonatas', '13-1')
2023-11-28 11:58:36,475 - WARNING - ('beethoven_piano_sonatas', '13-2')
2023-11-28 11:58:36,475 - WARNING - ('beethoven_piano_sonatas', '13-3')
2023-11-28 11:58:36,475 - WARNING - ('beethoven_piano_sonatas', '13-4')
2023-11-28 11:58:36,475 - WARNING - ('beethoven_piano_sonatas', '14-1')
2023-11-28 11:58:36,475 - WARNING - ('beethoven_piano_sonatas', '14-2')
2023-11-28 11:58:36,475 - WARNING - ('beethoven_piano_sonatas', '14-3')
2023-11-28 11:58:36,475 - WARNING - ('beethoven_piano_sonatas', '15-1')
2023-11-28 11:58:36,475 - WARNING - ('beethoven_piano_sonatas', '15-2')
2023-11-28 11:58:36,475 - WARNING - ('beethoven_piano_sonatas', '15-3')
2023-11-28 11:58:36,475 - WARNING - ('beethoven_piano_sonatas', '15-4')
2023-11-28 11:58:36,475 - WARNING - ('boccherini_ensemble', 'G448_1_Guitar_quintet_D_Allegro_Maestoso')
2023-11-28 11:58:36,475 - WARNING - ('boccherini_ensemble', 'G448_2_Guitar_quintet_D_Pastorale')
2023-11-28 11:58:36,475 - WARNING - ('boccherini_ensemble', 'G448_3_Guitar_quintet_D_Grave_assai')
2023-11-28 11:58:36,475 - WARNING - ('boccherini_ensemble', 'G448_4_Guitar_quintet_D_Fandango')
2023-11-28 11:58:36,475 - WARNING - ('couperin_concerts', 'c12n01_pointe')
2023-11-28 11:58:36,475 - WARNING - ('couperin_concerts', 'c12n02_badinage')
2023-11-28 11:58:36,475 - WARNING - ('couperin_concerts', 'c12n03_air')
2023-11-28 11:58:36,475 - WARNING - ('couperin_concerts', 'c13n01_unisson')
2023-11-28 11:58:36,475 - WARNING - ('couperin_concerts', 'c13n02_air')
2023-11-28 11:58:36,475 - WARNING - ('couperin_concerts', 'c13n03_sarabande')
2023-11-28 11:58:36,475 - WARNING - ('couperin_concerts', 'c13n04_chaconne')
2023-11-28 11:58:36,475 - WARNING - ('cpe_bach_keyboard', 'wq112n02')
2023-11-28 11:58:36,475 - WARNING - ('cpe_bach_keyboard', 'wq112n08')
2023-11-28 11:58:36,475 - WARNING - ('cpe_bach_keyboard', 'wq112n15')
2023-11-28 11:58:36,475 - WARNING - ('cpe_bach_keyboard', 'wq113n03')
2023-11-28 11:58:36,475 - WARNING - ('cpe_bach_keyboard', 'wq114n07')
2023-11-28 11:58:36,475 - WARNING - ('cpe_bach_keyboard', 'wq117n11')
2023-11-28 11:58:36,475 - WARNING - ('cpe_bach_keyboard', 'wq117n12')
2023-11-28 11:58:36,475 - WARNING - ('cpe_bach_keyboard', 'wq117n13')
2023-11-28 11:58:36,475 - WARNING - ('cpe_bach_keyboard', 'wq117n14')
2023-11-28 11:58:36,475 - WARNING - ('cpe_bach_keyboard', 'wq119n07')
2023-11-28 11:58:36,475 - WARNING - ('cpe_bach_keyboard', 'wq50n01a')
2023-11-28 11:58:36,475 - WARNING - ('cpe_bach_keyboard', 'wq50n01b')
2023-11-28 11:58:36,475 - WARNING - ('cpe_bach_keyboard', 'wq50n01c')
2023-11-28 11:58:36,475 - WARNING - ('cpe_bach_keyboard', 'wq50n02a')
2023-11-28 11:58:36,475 - WARNING - ('cpe_bach_keyboard', 'wq50n02b')
2023-11-28 11:58:36,475 - WARNING - ('cpe_bach_keyboard', 'wq50n02c')
2023-11-28 11:58:36,475 - WARNING - ('cpe_bach_keyboard', 'wq50n03a')
2023-11-28 11:58:36,475 - WARNING - ('cpe_bach_keyboard', 'wq50n03b')
2023-11-28 11:58:36,475 - WARNING - ('cpe_bach_keyboard', 'wq50n03c')
2023-11-28 11:58:36,475 - WARNING - ('cpe_bach_keyboard', 'wq50n04a')
2023-11-28 11:58:36,475 - WARNING - ('cpe_bach_keyboard', 'wq50n04b')
2023-11-28 11:58:36,475 - WARNING - ('cpe_bach_keyboard', 'wq50n04c')
2023-11-28 11:58:36,475 - WARNING - ('cpe_bach_keyboard', 'wq50n05a')
2023-11-28 11:58:36,475 - WARNING - ('cpe_bach_keyboard', 'wq50n05b')
2023-11-28 11:58:36,475 - WARNING - ('cpe_bach_keyboard', 'wq50n05c')
2023-11-28 11:58:36,475 - WARNING - ('cpe_bach_keyboard', 'wq50n06')
2023-11-28 11:58:36,475 - WARNING - ('cpe_bach_keyboard', 'wq55n01a')
2023-11-28 11:58:36,475 - WARNING - ('cpe_bach_keyboard', 'wq55n01b')
2023-11-28 11:58:36,475 - WARNING - ('cpe_bach_keyboard', 'wq55n01c')
2023-11-28 11:58:36,475 - WARNING - ('cpe_bach_keyboard', 'wq55n02a')
2023-11-28 11:58:36,475 - WARNING - ('cpe_bach_keyboard', 'wq55n02b')
2023-11-28 11:58:36,475 - WARNING - ('cpe_bach_keyboard', 'wq55n02c')
2023-11-28 11:58:36,475 - WARNING - ('cpe_bach_keyboard', 'wq55n03a')
2023-11-28 11:58:36,476 - WARNING - ('cpe_bach_keyboard', 'wq55n03b')
2023-11-28 11:58:36,476 - WARNING - ('cpe_bach_keyboard', 'wq55n03c')
2023-11-28 11:58:36,476 - WARNING - ('cpe_bach_keyboard', 'wq55n04a')
2023-11-28 11:58:36,476 - WARNING - ('cpe_bach_keyboard', 'wq55n04b')
2023-11-28 11:58:36,476 - WARNING - ('cpe_bach_keyboard', 'wq55n04c')
2023-11-28 11:58:36,476 - WARNING - ('cpe_bach_keyboard', 'wq55n05a')
2023-11-28 11:58:36,476 - WARNING - ('cpe_bach_keyboard', 'wq55n05b')
2023-11-28 11:58:36,476 - WARNING - ('cpe_bach_keyboard', 'wq55n05c')
2023-11-28 11:58:36,476 - WARNING - ('cpe_bach_keyboard', 'wq55n06a')
2023-11-28 11:58:36,476 - WARNING - ('cpe_bach_keyboard', 'wq55n06b')
2023-11-28 11:58:36,476 - WARNING - ('cpe_bach_keyboard', 'wq55n06c')
2023-11-28 11:58:36,476 - WARNING - ('cpe_bach_keyboard', 'wq56n01')
2023-11-28 11:58:36,476 - WARNING - ('cpe_bach_keyboard', 'wq56n02a')
2023-11-28 11:58:36,476 - WARNING - ('cpe_bach_keyboard', 'wq56n02b')
2023-11-28 11:58:36,476 - WARNING - ('cpe_bach_keyboard', 'wq56n02c')
2023-11-28 11:58:36,476 - WARNING - ('cpe_bach_keyboard', 'wq56n03')
2023-11-28 11:58:36,476 - WARNING - ('cpe_bach_keyboard', 'wq56n04a')
2023-11-28 11:58:36,476 - WARNING - ('cpe_bach_keyboard', 'wq56n04b')
2023-11-28 11:58:36,476 - WARNING - ('cpe_bach_keyboard', 'wq56n05')
2023-11-28 11:58:36,476 - WARNING - ('cpe_bach_keyboard', 'wq56n06a')
2023-11-28 11:58:36,476 - WARNING - ('cpe_bach_keyboard', 'wq56n06b')
2023-11-28 11:58:36,476 - WARNING - ('cpe_bach_keyboard', 'wq57n01')
2023-11-28 11:58:36,476 - WARNING - ('cpe_bach_keyboard', 'wq57n02a')
2023-11-28 11:58:36,476 - WARNING - ('cpe_bach_keyboard', 'wq57n02b')
2023-11-28 11:58:36,476 - WARNING - ('cpe_bach_keyboard', 'wq57n02c')
2023-11-28 11:58:36,476 - WARNING - ('cpe_bach_keyboard', 'wq57n03')
2023-11-28 11:58:36,476 - WARNING - ('cpe_bach_keyboard', 'wq57n04a')
2023-11-28 11:58:36,476 - WARNING - ('cpe_bach_keyboard', 'wq57n04b')
2023-11-28 11:58:36,476 - WARNING - ('cpe_bach_keyboard', 'wq57n04c')
2023-11-28 11:58:36,476 - WARNING - ('cpe_bach_keyboard', 'wq57n05')
2023-11-28 11:58:36,476 - WARNING - ('cpe_bach_keyboard', 'wq57n06a')
2023-11-28 11:58:36,476 - WARNING - ('cpe_bach_keyboard', 'wq57n06b')
2023-11-28 11:58:36,476 - WARNING - ('cpe_bach_keyboard', 'wq57n06c')
2023-11-28 11:58:36,476 - WARNING - ('kleine_geistliche_konzerte', 'op08n17swv298_Das_Blut_Jesu_Christi')
2023-11-28 11:58:36,476 - WARNING - ('platti_sonatas', 'platti_op01no01a_Adagio')
2023-11-28 11:58:36,476 - WARNING - ('platti_sonatas', 'platti_op01no01b_Allegro')
2023-11-28 11:58:36,476 - WARNING - ('platti_sonatas', 'platti_op01no01c_Largo')
2023-11-28 11:58:36,476 - WARNING - ('platti_sonatas', 'platti_op01no01d_Presto')
2023-11-28 11:58:36,476 - WARNING - ('platti_sonatas', 'platti_op01no02a_Adagio')
2023-11-28 11:58:36,476 - WARNING - ('platti_sonatas', 'platti_op01no02b_Allegro')
2023-11-28 11:58:36,476 - WARNING - ('platti_sonatas', 'platti_op01no02c_Larghetto')
2023-11-28 11:58:36,476 - WARNING - ('platti_sonatas', 'platti_op01no02d_Allegro')
2023-11-28 11:58:36,476 - WARNING - ('platti_sonatas', 'platti_op01no03a_Non_tanto_Allegro')
2023-11-28 11:58:36,476 - WARNING - ('platti_sonatas', 'platti_op01no03b_Adagio')
2023-11-28 11:58:36,476 - WARNING - ('platti_sonatas', 'platti_op01no03c_Allegro_assai')
2023-11-28 11:58:36,476 - WARNING - ('platti_sonatas', 'platti_op01no04a_Largo')
2023-11-28 11:58:36,476 - WARNING - ('platti_sonatas', 'platti_op01no04b_Presto_e_alla_breve')
2023-11-28 11:58:36,476 - WARNING - ('platti_sonatas', 'platti_op01no04c_Adagio')
2023-11-28 11:58:36,476 - WARNING - ('platti_sonatas', 'platti_op01no04d_Non_tanto_Allegro')
2023-11-28 11:58:36,476 - WARNING - ('platti_sonatas', 'platti_op01no05a_Larghetto_e_staccato')
2023-11-28 11:58:36,476 - WARNING - ('platti_sonatas', 'platti_op01no05b_Non_tanto_Allegro')
2023-11-28 11:58:36,476 - WARNING - ('platti_sonatas', 'platti_op01no05c_Siciliana')
2023-11-28 11:58:36,476 - WARNING - ('platti_sonatas', 'platti_op01no05d_Presto')
2023-11-28 11:58:36,476 - WARNING - ('platti_sonatas', 'platti_op01no06a_Adagio')
2023-11-28 11:58:36,476 - WARNING - ('platti_sonatas', 'platti_op01no06b_Allegretto')
2023-11-28 11:58:36,476 - WARNING - ('platti_sonatas', 'platti_op01no06c_Grave')
2023-11-28 11:58:36,476 - WARNING - ('platti_sonatas', 'platti_op01no06d_Minuet_con_Variazioni')
2023-11-28 11:58:36,476 - WARNING - ('platti_sonatas', 'platti_op04no01a_Non_tanto_Allegro')
2023-11-28 11:58:36,476 - WARNING - ('platti_sonatas', 'platti_op04no01b_Presto')
2023-11-28 11:58:36,476 - WARNING - ('platti_sonatas', 'platti_op04no01c_Andantino_e_staccato')
2023-11-28 11:58:36,476 - WARNING - ('platti_sonatas', 'platti_op04no01d_Minuetto')
2023-11-28 11:58:36,476 - WARNING - ('platti_sonatas', 'platti_op04no02a_Allegro')
2023-11-28 11:58:36,476 - WARNING - ('platti_sonatas', 'platti_op04no02b_Adagio')
2023-11-28 11:58:36,476 - WARNING - ('platti_sonatas', 'platti_op04no02c_Allegro')
2023-11-28 11:58:36,476 - WARNING - ('platti_sonatas', 'platti_op04no02d_Allegro')
2023-11-28 11:58:36,476 - WARNING - ('platti_sonatas', 'platti_op04no03a_Allegro')
2023-11-28 11:58:36,476 - WARNING - ('platti_sonatas', 'platti_op04no03b_Andantino')
2023-11-28 11:58:36,476 - WARNING - ('platti_sonatas', 'platti_op04no03c_Allegro_assai')
2023-11-28 11:58:36,476 - WARNING - ('platti_sonatas', 'platti_op04no04a_Allegro')
2023-11-28 11:58:36,476 - WARNING - ('platti_sonatas', 'platti_op04no04b_Adagio')
2023-11-28 11:58:36,476 - WARNING - ('platti_sonatas', 'platti_op04no04c_Allegro_assai')
2023-11-28 11:58:36,476 - WARNING - ('platti_sonatas', 'platti_op04no05a_Adagio')
2023-11-28 11:58:36,476 - WARNING - ('platti_sonatas', 'platti_op04no05b_Allegro')
2023-11-28 11:58:36,476 - WARNING - ('platti_sonatas', 'platti_op04no05c_Allegro')
2023-11-28 11:58:36,476 - WARNING - ('platti_sonatas', 'platti_op04no06a_Non_tanto_Allegro')
2023-11-28 11:58:36,476 - WARNING - ('platti_sonatas', 'platti_op04no06b_Larghetto')
2023-11-28 11:58:36,477 - WARNING - ('platti_sonatas', 'platti_op04no06c_Polonoise')
2023-11-28 11:58:36,477 - WARNING - ('platti_sonatas', 'platti_op04no06d_Allegro')
2023-11-28 11:58:36,477 - WARNING - ('rachmaninoff_piano', 'op42_18')
2023-11-28 11:58:36,477 - WARNING - ('rachmaninoff_piano', 'op42_19')
2023-11-28 11:58:36,477 - WARNING - ('rachmaninoff_piano', 'op42_20')
2023-11-28 11:58:36,477 - WARNING - ('ravel_piano', 'Ravel_-_Miroirs_I._Noctuelles')
2023-11-28 11:58:36,477 - WARNING - ('ravel_piano', 'Ravel_-_Miroirs_II._Oiseaux_tristes')
